
ROM used:   266/32768 (1%)
            266/32768 (1%) including unused fragments

            0.3 Average locations per line
            26.6 Average locations per statement

RAM used:   5/1536 (0%) at main() level
            6/1536 (0%) worst case

Stack used: 0 worst case (0 in main + 0 for interrupts)
Stack size: 31

Lines Stmts  %   Files
----- ----- ---  -----
   24    10 100  exercice01_TP3.c
  844     0   0  ..\..\..\..\..\..\..\..\Simestre II\Informatique\PIC_C_Compiler\PICC\Devices\18f4520.h
----- -----
  868    10 Total

Page ROM  %  RAM    Vol Diff  Functions:
---- --- --- ---    --- ----  ----------
0     40   8    1             @delay_ms1
0    108  20    1             @I2C_WRITE_1
0    114  21    0    161  2.2  main
 Inline         0    130  2.2  @cinit1

Program metrics:
    Functions               2
    Statements              10
    Comments                162
    Volume (V)              360
    Difficulty (D)          4.1
    Effort to implement (E) 1484
    Time to implement (T)   1 minutes
    Est Delivered Bugs (B)  0
    Cyclomatic Complexity   1
    Maintainability (MI)    167

 Segment     Used  Free
-----------  ----  ----
00000-00002     4  0  
00004-07FFE   262  32502  



