
ROM used:   62/32768 (0%)
            62/32768 (0%) including unused fragments

            0.1 Average locations per line
            12.4 Average locations per statement

RAM used:   5/1536 (0%) at main() level
            5/1536 (0%) worst case

Stack used: 0 worst case (0 in main + 0 for interrupts)
Stack size: 31

Lines Stmts  %   Files
----- ----- ---  -----
   21     5 100  exercice04.c
  844     0   0  ..\..\..\..\..\..\Simestre II\Informatique\PIC_C_Compiler\PICC\Devices\18f4520.h
----- -----
  865     5 Total

Page ROM  %  RAM    Vol Diff  Functions:
---- --- --- ---    --- ----  ----------
0     58  47    0     72  1.9  main
 Inline         0    102  2.3  @cinit1

Program metrics:
    Functions               2
    Statements              5
    Comments                167
    Volume (V)              217
    Difficulty (D)          4.3
    Effort to implement (E) 922
    Time to implement (T)   1 minutes
    Est Delivered Bugs (B)  0
    Cyclomatic Complexity   1
    Maintainability (MI)    182

 Segment     Used  Free
-----------  ----  ----
00000-00002     4  0  
00004-07FFE    58  32706  



