
ROM used:   274/32768 (1%)
            274/32768 (1%) including unused fragments

            0.3 Average locations per line
            27.4 Average locations per statement

RAM used:   5/1536 (0%) at main() level
            7/1536 (0%) worst case

Stack used: 0 worst case (0 in main + 0 for interrupts)
Stack size: 31

Lines Stmts  %   Files
----- ----- ---  -----
   36    10 100  exercice_3_TP3.c
  844     0   0  ..\..\..\..\..\..\..\..\Simestre II\Informatique\PIC_C_Compiler\PICC\Devices\18f4520.h
----- -----
  880    10 Total

Page ROM  %  RAM    Vol Diff  Functions:
---- --- --- ---    --- ----  ----------
0     40   7    1             @delay_ms1
0    110  20    1             @I2C_WRITE_1
0     78  14    1     54  1.2  output_portF
0     42   8    0    113  2.1  main
 Inline         0             @cinit1

Program metrics:
    Functions               2
    Statements              10
    Comments                169
    Volume (V)              212
    Difficulty (D)          2.9
    Effort to implement (E) 610
    Time to implement (T)   1 minutes
    Est Delivered Bugs (B)  0
    Cyclomatic Complexity   1
    Maintainability (MI)    170

 Segment     Used  Free
-----------  ----  ----
00000-00002     4  0  
00004-07FFE   270  32494  



