
ROM used:   172/32768 (1%)
            172/32768 (1%) including unused fragments

            0.2 Average locations per line
            28.7 Average locations per statement

RAM used:   8/1536 (1%) at main() level
            9/1536 (1%) worst case

Stack used: 1 worst case (1 in main + 0 for interrupts)
Stack size: 31

Lines Stmts  %   Files
----- ----- ---  -----
   20     6 100  Exercice_01.c
  844     0   0  ..\..\..\..\..\..\Simestre II\Informatique\PIC_C_Compiler\PICC\Devices\18f4520.h
----- -----
  864     6 Total

Page ROM  %  RAM    Vol Diff  Functions:
---- --- --- ---    --- ----  ----------
0     38  11    1             @delay_ms1
0     66  19    1             @PUTCHAR_1_
0     64  19    1    102  2.3  main
 Inline         0    186  5.5  @cinit1

Program metrics:
    Functions               2
    Statements              6
    Comments                161
    Volume (V)              352
    Difficulty (D)          7.3
    Effort to implement (E) 2550
    Time to implement (T)   2 minutes
    Est Delivered Bugs (B)  0
    Cyclomatic Complexity   1
    Maintainability (MI)    175

 Segment     Used  Free
-----------  ----  ----
00000-00002     4  0  
00004-07FFE   168  32596  



