
ROM used:   246/32768 (1%)
            246/32768 (1%) including unused fragments

            0.3 Average locations per line
            20.5 Average locations per statement

RAM used:   10/1536 (1%) at main() level
            11/1536 (1%) worst case

Stack used: 4 worst case (4 in main + 0 for interrupts)
Stack size: 31

Lines Stmts  %   Files
----- ----- ---  -----
   26    12 100  exercice1.c
  844     0   0  ..\..\..\..\..\..\..\Simestre II\Informatique\PIC_C_Compiler\PICC\Devices\18f4520.h
----- -----
  870    12 Total

Page ROM  %  RAM    Vol Diff  Functions:
---- --- --- ---    --- ----  ----------
0    108  22    1    326  2.8  @I2C_WRITE_1
0    134  27    2    221  2.7  main
 Inline         0    235  3.8  @cinit1

Program metrics:
    Functions               3
    Statements              12
    Comments                165
    Volume (V)              1029
    Difficulty (D)          9.3
    Effort to implement (E) 9595
    Time to implement (T)   9 minutes
    Est Delivered Bugs (B)  0
    Cyclomatic Complexity   1
    Maintainability (MI)    74

 Segment     Used  Free
-----------  ----  ----
00000-00002     4  0  
00004-07FFE   242  32522  



