
ROM used:   276/32768 (1%)
            276/32768 (1%) including unused fragments

            0.3 Average locations per line
            25.1 Average locations per statement

RAM used:   5/1536 (0%) at main() level
            7/1536 (0%) worst case

Stack used: 0 worst case (0 in main + 0 for interrupts)
Stack size: 31

Lines Stmts  %   Files
----- ----- ---  -----
   34    11 100  exercice_2_TP3.c
  844     0   0  ..\..\..\..\..\..\..\..\Simestre II\Informatique\PIC_C_Compiler\PICC\Devices\18f4520.h
----- -----
  878    11 Total

Page ROM  %  RAM    Vol Diff  Functions:
---- --- --- ---    --- ----  ----------
0     40   7    1             @delay_ms1
0    108  20    1             @I2C_WRITE_1
0     84  15    1     72  1.2  output_portF
0     40   7    0    108  2.1  main
 Inline         0             @cinit1

Program metrics:
    Functions               2
    Statements              11
    Comments                169
    Volume (V)              231
    Difficulty (D)          3.0
    Effort to implement (E) 684
    Time to implement (T)   1 minutes
    Est Delivered Bugs (B)  0
    Cyclomatic Complexity   1
    Maintainability (MI)    168

 Segment     Used  Free
-----------  ----  ----
00000-00002     4  0  
00004-07FFE   272  32492  



